<?xml version="1.0" encoding="UTF-8"?>
<testng-results skipped="0" failed="0" ignored="0" total="1" passed="1">
  <reporter-output>
  </reporter-output>
  <suite name="Default suite" duration-ms="37960" started-at="2017-03-30T00:16:27Z" finished-at="2017-03-30T00:17:05Z">
    <groups>
    </groups>
    <test name="Default test" duration-ms="37960" started-at="2017-03-30T00:16:27Z" finished-at="2017-03-30T00:17:05Z">
      <class name="tests.CartTests">
        <test-method status="PASS" signature="OpenApplication()[pri:0, instance:tests.CartTests@26653222]" name="OpenApplication" is-config="true" duration-ms="26110" started-at="2017-03-30T02:16:27Z" finished-at="2017-03-30T02:16:53Z">
          <reporter-output>
          </reporter-output>
        </test-method> <!-- OpenApplication -->
        <test-method status="PASS" signature="AddProductToCartFromProductItemOnFeatureProducts()[pri:0, instance:tests.CartTests@26653222]" name="AddProductToCartFromProductItemOnFeatureProducts" duration-ms="10901" started-at="2017-03-30T02:16:53Z" finished-at="2017-03-30T02:17:04Z">
          <reporter-output>
          </reporter-output>
        </test-method> <!-- AddProductToCartFromProductItemOnFeatureProducts -->
        <test-method status="PASS" signature="QuitApplication()[pri:0, instance:tests.CartTests@26653222]" name="QuitApplication" is-config="true" duration-ms="921" started-at="2017-03-30T02:17:04Z" finished-at="2017-03-30T02:17:05Z">
          <reporter-output>
          </reporter-output>
        </test-method> <!-- QuitApplication -->
      </class> <!-- tests.CartTests -->
    </test> <!-- Default test -->
  </suite> <!-- Default suite -->
</testng-results>
